2021-01-11 14:50:27,503 INFO [base.py(__init__:10)] - 正在初始化driver:<selenium.webdriver.chrome.webdriver.WebDriver (session="ebe74c245f07fca7c4735a897960d976")>
2021-01-11 14:50:27,508 INFO [page_mp_login.py(page_mp_login:32)] - 正在调用运营后台登录业务方法，用户名：18321252140密码：852733
2021-01-11 14:50:27,508 INFO [base.py(base_find:23)] - 正在查找元素：('css selector', "[placeholder='手机号']")
2021-01-11 14:50:27,528 INFO [base.py(base_input:41)] - 正在对:('css selector', "[placeholder='手机号']")元素执行输入:18321252140操作!
2021-01-11 15:48:54,749 INFO [base.py(__init__:10)] - 正在初始化driver:<selenium.webdriver.chrome.webdriver.WebDriver (session="33e2cd8f45795d53eb31cf97902e9241")>
2021-01-11 15:48:54,752 INFO [page_mp_login.py(page_mp_login:32)] - 正在调用运营后台登录业务方法，用户名：18321252140密码：123456
2021-01-11 15:48:54,752 INFO [base.py(base_find:23)] - 正在查找元素：('css selector', "[placeholder='用户名']")
2021-01-11 15:48:54,784 INFO [base.py(base_input:41)] - 正在对:('css selector', "[placeholder='用户名']")元素执行输入:18321252140操作!
2021-01-11 15:51:57,949 INFO [base.py(__init__:10)] - 正在初始化driver:<selenium.webdriver.chrome.webdriver.WebDriver (session="2e535d52caf292f26b5a18c718168f0d")>
2021-01-11 15:51:57,953 INFO [page_mp_login.py(page_mp_login:32)] - 正在调用运营后台登录业务方法，用户名：18321252140密码：123456
2021-01-11 15:51:57,953 INFO [base.py(base_find:23)] - 正在查找元素：('css selector', "[placeholder='用户名']")
2021-01-11 15:51:57,982 INFO [base.py(base_input:41)] - 正在对:('css selector', "[placeholder='用户名']")元素执行输入:18321252140操作!
2021-01-11 15:55:26,253 INFO [base.py(__init__:10)] - 正在初始化driver:<selenium.webdriver.chrome.webdriver.WebDriver (session="00de58d02b8fd2fcc198db5c5ac38536")>
2021-01-11 15:55:26,256 INFO [page_mp_login.py(page_mp_login:32)] - 正在调用运营后台登录业务方法，用户名：18321252140密码：123456
2021-01-11 15:55:26,256 INFO [base.py(base_find:23)] - 正在查找元素：('css selector', "[placeholder='用户名']")
2021-01-11 15:55:26,319 INFO [base.py(base_input:41)] - 正在对:('css selector', "[placeholder='用户名']")元素执行输入:18321252140操作!
2021-01-11 15:55:26,425 INFO [base.py(base_find:23)] - 正在查找元素：('css selector', "[placeholder='密码']")
2021-01-11 15:55:26,436 INFO [base.py(base_input:41)] - 正在对:('css selector', "[placeholder='密码']")元素执行输入:123456操作!
2021-01-11 15:55:26,514 INFO [base.py(base_click:50)] - 正在对:('css selector', '.el-button--primary')元素执行点击操作!
2021-01-11 15:55:26,515 INFO [base.py(base_find:23)] - 正在查找元素：('css selector', '.el-button--primary')
2021-01-11 15:55:29,578 INFO [base.py(base_find:23)] - 正在查找元素：('css selector', "[class='no-redirect']")
2021-01-11 15:55:29,601 INFO [base.py(base_get_text:61)] - 正在对:('css selector', "[class='no-redirect']")元素获取文本操作!，获取的文本值：文章列表
2021-01-11 15:55:29,602 INFO [base.py(base_find:23)] - 正在查找元素：('css selector', "[class='no-redirect']")
2021-01-11 16:01:29,277 INFO [base.py(__init__:10)] - 正在初始化driver:<selenium.webdriver.chrome.webdriver.WebDriver (session="e0c1d69b07b1b8d8a6e21b8ae4160c2d")>
2021-01-11 16:01:29,282 INFO [page_mp_login.py(page_mp_login:32)] - 正在调用运营后台登录业务方法，用户名：18321252140密码：123456
2021-01-11 16:01:29,282 INFO [base.py(base_find:23)] - 正在查找元素：('css selector', "[placeholder='用户名']")
2021-01-11 16:01:29,301 INFO [base.py(base_input:41)] - 正在对:('css selector', "[placeholder='用户名']")元素执行输入:18321252140操作!
2021-01-11 16:01:29,431 INFO [base.py(base_find:23)] - 正在查找元素：('css selector', "[placeholder='密码']")
2021-01-11 16:01:29,449 INFO [base.py(base_input:41)] - 正在对:('css selector', "[placeholder='密码']")元素执行输入:123456操作!
2021-01-11 16:01:29,518 INFO [base.py(base_click:50)] - 正在对:('css selector', '.el-button--primary')元素执行点击操作!
2021-01-11 16:01:29,518 INFO [base.py(base_find:23)] - 正在查找元素：('css selector', '.el-button--primary')
2021-01-11 16:01:32,582 INFO [base.py(base_find:23)] - 正在查找元素：('css selector', "[class='no-redirect']")
2021-01-11 16:01:32,609 INFO [base.py(base_get_text:61)] - 正在对:('css selector', "[class='no-redirect']")元素获取文本操作!，获取的文本值：文章列表
2021-01-11 16:01:32,610 INFO [base.py(base_find:23)] - 正在查找元素：('css selector', "[class='no-redirect']")
2021-01-11 16:03:19,984 INFO [base.py(__init__:10)] - 正在初始化driver:<selenium.webdriver.chrome.webdriver.WebDriver (session="26bbbe2edaa56357da059dac3e662e58")>
2021-01-11 16:03:19,986 INFO [page_mp_login.py(page_mp_login:32)] - 正在调用运营后台登录业务方法，用户名：18321252140密码：123456
2021-01-11 16:03:19,987 INFO [base.py(base_find:23)] - 正在查找元素：('css selector', "[placeholder='用户名']")
2021-01-11 16:03:20,014 INFO [base.py(base_input:41)] - 正在对:('css selector', "[placeholder='用户名']")元素执行输入:18321252140操作!
2021-01-11 16:03:20,117 INFO [base.py(base_find:23)] - 正在查找元素：('css selector', "[placeholder='密码']")
2021-01-11 16:03:20,133 INFO [base.py(base_input:41)] - 正在对:('css selector', "[placeholder='密码']")元素执行输入:123456操作!
2021-01-11 16:03:20,212 INFO [base.py(base_click:50)] - 正在对:('css selector', '.el-button--primary')元素执行点击操作!
2021-01-11 16:03:20,212 INFO [base.py(base_find:23)] - 正在查找元素：('css selector', '.el-button--primary')
2021-01-11 16:03:23,284 INFO [base.py(base_find:23)] - 正在查找元素：('css selector', "[class='no-redirect']")
2021-01-11 16:03:23,312 INFO [base.py(base_get_text:61)] - 正在对:('css selector', "[class='no-redirect']")元素获取文本操作!，获取的文本值：文章列表
2021-01-11 16:03:23,313 INFO [base.py(base_find:23)] - 正在查找元素：('css selector', "[class='no-redirect']")
2021-01-11 16:12:06,628 INFO [base.py(__init__:10)] - 正在初始化driver:<selenium.webdriver.chrome.webdriver.WebDriver (session="982fecbcafce0bb308d0e7d9f0940414")>
2021-01-11 16:12:06,629 INFO [page_mp_login.py(page_mp_login:32)] - 正在调用运营后台登录业务方法，用户名：username密码：code
2021-01-11 16:12:06,629 INFO [base.py(base_find:23)] - 正在查找元素：('css selector', "[placeholder='用户名']")
2021-01-11 16:12:06,684 INFO [base.py(base_input:41)] - 正在对:('css selector', "[placeholder='用户名']")元素执行输入:username操作!
2021-01-11 16:12:06,806 INFO [base.py(base_find:23)] - 正在查找元素：('css selector', "[placeholder='密码']")
2021-01-11 16:12:06,818 INFO [base.py(base_input:41)] - 正在对:('css selector', "[placeholder='密码']")元素执行输入:code操作!
2021-01-11 16:12:06,887 INFO [base.py(base_click:50)] - 正在对:('css selector', '.el-button--primary')元素执行点击操作!
2021-01-11 16:12:06,887 INFO [base.py(base_find:23)] - 正在查找元素：('css selector', '.el-button--primary')
2021-01-11 16:12:09,961 INFO [base.py(base_find:23)] - 正在查找元素：('css selector', "[class='no-redirect']")
2021-01-11 16:12:16,607 ERROR [test01_mp_login.py(test_mp_login:34)] - 断言出错，错误信息：Message: chrome not reachable
  (Session info: chrome=87.0.4280.88)

2021-01-11 16:12:16,607 ERROR [base.py(base_get_img:66)] - 断言出错，正在执行截图操作!
2021-01-11 16:13:03,216 INFO [base.py(__init__:10)] - 正在初始化driver:<selenium.webdriver.chrome.webdriver.WebDriver (session="c0d9dfbef0beabca87a1dabb8ae2fe34")>
2021-01-11 16:13:03,219 INFO [page_mp_login.py(page_mp_login:32)] - 正在调用运营后台登录业务方法，用户名：username密码：code
2021-01-11 16:13:03,219 INFO [base.py(base_find:23)] - 正在查找元素：('css selector', "[placeholder='用户名']")
2021-01-11 16:13:03,246 INFO [base.py(base_input:41)] - 正在对:('css selector', "[placeholder='用户名']")元素执行输入:username操作!
2021-01-11 16:13:03,354 INFO [base.py(base_find:23)] - 正在查找元素：('css selector', "[placeholder='密码']")
2021-01-11 16:13:03,370 INFO [base.py(base_input:41)] - 正在对:('css selector', "[placeholder='密码']")元素执行输入:code操作!
2021-01-11 16:13:03,448 INFO [base.py(base_click:50)] - 正在对:('css selector', '.el-button--primary')元素执行点击操作!
2021-01-11 16:13:03,448 INFO [base.py(base_find:23)] - 正在查找元素：('css selector', '.el-button--primary')
2021-01-11 16:13:06,516 INFO [base.py(base_find:23)] - 正在查找元素：('css selector', "[class='no-redirect']")
2021-01-11 16:13:16,117 ERROR [test01_mp_login.py(test_mp_login:34)] - 断言出错，错误信息：Message: chrome not reachable
  (Session info: chrome=87.0.4280.88)

2021-01-11 16:13:16,118 ERROR [base.py(base_get_img:66)] - 断言出错，正在执行截图操作!
2021-01-11 16:14:00,179 INFO [get_logger.py(<module>:40)] - info级别测试
2021-01-11 16:14:00,179 ERROR [get_logger.py(<module>:41)] - error级别测试
2021-01-11 16:14:09,649 INFO [get_log.py(<module>:40)] - 测试信息级别日志
2021-01-11 16:14:09,650 ERROR [get_log.py(<module>:41)] - 测试错误级别
2021-01-11 16:20:07,793 INFO [base.py(__init__:10)] - 正在初始化driver:<selenium.webdriver.chrome.webdriver.WebDriver (session="1470bd60542a28b4c122baa12f454859")>
2021-01-11 16:20:07,796 INFO [page_mp_login.py(page_mp_login:32)] - 正在调用运营后台登录业务方法，用户名：18321252140密码：123456
2021-01-11 16:20:07,796 INFO [base.py(base_find:23)] - 正在查找元素：('css selector', "[placeholder='用户名']")
2021-01-11 16:20:07,817 INFO [base.py(base_input:41)] - 正在对:('css selector', "[placeholder='用户名']")元素执行输入:18321252140操作!
2021-01-11 16:20:08,029 INFO [base.py(base_find:23)] - 正在查找元素：('css selector', "[placeholder='密码']")
2021-01-11 16:20:08,049 INFO [base.py(base_input:41)] - 正在对:('css selector', "[placeholder='密码']")元素执行输入:123456操作!
2021-01-11 16:20:08,138 INFO [base.py(base_click:50)] - 正在对:('css selector', '.el-button--primary')元素执行点击操作!
2021-01-11 16:20:08,138 INFO [base.py(base_find:23)] - 正在查找元素：('css selector', '.el-button--primary')
2021-01-11 16:20:11,212 INFO [base.py(base_find:23)] - 正在查找元素：('css selector', "[class='no-redirect']")
2021-01-11 16:20:11,242 INFO [base.py(base_get_text:61)] - 正在对:('css selector', "[class='no-redirect']")元素获取文本操作!，获取的文本值：文章列表
2021-01-11 16:20:11,242 INFO [base.py(base_find:23)] - 正在查找元素：('css selector', "[class='no-redirect']")
